[debug] [2021-09-25T19:37:13.382Z] ----------------------------------------------------------------------
[debug] [2021-09-25T19:37:13.385Z] Command:       C:\Program Files\nodejs\node.exe C:\Users\Lao\AppData\Local\Yarn\Data\global\node_modules\firebase-tools\lib\bin\firebase.js init
[debug] [2021-09-25T19:37:13.385Z] CLI Version:   9.18.0
[debug] [2021-09-25T19:37:13.385Z] Platform:      win32
[debug] [2021-09-25T19:37:13.385Z] Node Version:  v16.10.0
[debug] [2021-09-25T19:37:13.386Z] Time:          Sat Sep 25 2021 22:37:13 GMT+0300 (Moscow Standard Time)
[debug] [2021-09-25T19:37:13.386Z] ----------------------------------------------------------------------
[debug] 
[debug] [2021-09-25T19:37:13.393Z] > command requires scopes: ["email","openid","https://www.googleapis.com/auth/cloudplatformprojects.readonly","https://www.googleapis.com/auth/firebase","https://www.googleapis.com/auth/cloud-platform"]
[debug] [2021-09-25T19:37:13.394Z] > authorizing via signed-in user (rewwer356@gmail.com)
[info] 
     ######## #### ########  ######## ########     ###     ######  ########
     ##        ##  ##     ## ##       ##     ##  ##   ##  ##       ##
     ######    ##  ########  ######   ########  #########  ######  ######
     ##        ##  ##    ##  ##       ##     ## ##     ##       ## ##
     ##       #### ##     ## ######## ########  ##     ##  ######  ########

You're about to initialize a Firebase project in this directory:

  C:\Users\Lao\Storage\Projects\Miscellaneous\mern-app\front

[info] 
=== Project Setup
[info] 
[info] First, let's associate this project directory with a Firebase project.
[info] You can create multiple project aliases by running firebase use --add, 
[info] but for now we'll just set up a default project.
[info] 
[debug] [2021-09-25T19:37:35.643Z] >>> [apiv2][query] GET https://firebase.googleapis.com/v1beta1/projects pageSize=100
[debug] [2021-09-25T19:37:36.097Z] <<< [apiv2][status] GET https://firebase.googleapis.com/v1beta1/projects 200
[debug] [2021-09-25T19:37:36.098Z] <<< [apiv2][body] GET https://firebase.googleapis.com/v1beta1/projects [omitted]
[info] i  Using project todo-7a070 (Todo) 
[info] 
=== Hosting Setup
[info] 
[info] Your public directory is the folder (relative to your project directory) that
[info] will contain Hosting assets to be uploaded with firebase deploy. If you
[info] have a build process for your assets, use your build's output directory.
[info] 
